  소스.cpp
C:\Users\User\source\repos\Project28\Project28\소스.cpp(1,26): error C2653: 'Circqueue': 클래스 또는 네임스페이스 이름이 아닙니다.
C:\Users\User\source\repos\Project28\Project28\소스.cpp(2,6): error C2065: 'front': 선언되지 않은 식별자입니다.
C:\Users\User\source\repos\Project28\Project28\소스.cpp(2,15): error C2065: 'rear': 선언되지 않은 식별자입니다.
C:\Users\User\source\repos\Project28\Project28\소스.cpp(3,12): error C2065: 'q': 선언되지 않은 식별자입니다.
C:\Users\User\source\repos\Project28\Project28\소스.cpp(3,14): error C2065: 'front': 선언되지 않은 식별자입니다.
C:\Users\User\source\repos\Project28\Project28\소스.cpp(6,16): error C2065: 'front': 선언되지 않은 식별자입니다.
C:\Users\User\source\repos\Project28\Project28\소스.cpp(6,25): error C2065: 'capacity': 선언되지 않은 식별자입니다.
C:\Users\User\source\repos\Project28\Project28\소스.cpp(6,39): error C2065: 'rear': 선언되지 않은 식별자입니다.
C:\Users\User\source\repos\Project28\Project28\소스.cpp(6,45): error C2065: 'front': 선언되지 않은 식별자입니다.
C:\Users\User\source\repos\Project28\Project28\소스.cpp(7,13): error C2065: 'q': 선언되지 않은 식별자입니다.
C:\Users\User\source\repos\Project28\Project28\소스.cpp(8,10): error C2065: 'q': 선언되지 않은 식별자입니다.
C:\Users\User\source\repos\Project28\Project28\소스.cpp(12,15): error C2065: 'front': 선언되지 않은 식별자입니다.
C:\Users\User\source\repos\Project28\Project28\소스.cpp(13,13): error C2065: 'q': 선언되지 않은 식별자입니다.
C:\Users\User\source\repos\Project28\Project28\소스.cpp(15,29): error C2065: 'rear': 선언되지 않은 식별자입니다.
C:\Users\User\source\repos\Project28\Project28\소스.cpp(16,15): error C2065: 'q': 선언되지 않은 식별자입니다.
C:\Users\User\source\repos\Project28\Project28\소스.cpp(18,10): error C2065: 'q': 선언되지 않은 식별자입니다.
C:\Users\User\source\repos\Project28\Project28\소스.cpp(18,11): error C2541: 'delete': 포인터가 아닌 개체를 삭제할 수 없습니다.
C:\Users\User\source\repos\Project28\Project28\소스.cpp(19,2): error C2065: 'q': 선언되지 않은 식별자입니다.
  소스1.cpp
C:\Users\User\source\repos\Project28\Project28\소스1.cpp(1,27): error C2653: 'List': 클래스 또는 네임스페이스 이름이 아닙니다.
C:\Users\User\source\repos\Project28\Project28\소스1.cpp(2,7): error C2065: 'first': 선언되지 않은 식별자입니다.
C:\Users\User\source\repos\Project28\Project28\소스1.cpp(3,2): error C2065: 'ChainNode': 선언되지 않은 식별자입니다.
C:\Users\User\source\repos\Project28\Project28\소스1.cpp(3,13): error C2065: 'p': 선언되지 않은 식별자입니다.
C:\Users\User\source\repos\Project28\Project28\소스1.cpp(5,2): error C2065: 'ChainNode': 선언되지 않은 식별자입니다.
C:\Users\User\source\repos\Project28\Project28\소스1.cpp(5,13): error C2065: 'before': 선언되지 않은 식별자입니다.
C:\Users\User\source\repos\Project28\Project28\소스1.cpp(6,7): error C2065: 'p': 선언되지 않은 식별자입니다.
C:\Users\User\source\repos\Project28\Project28\소스1.cpp(6,11): error C2065: 'first': 선언되지 않은 식별자입니다.
C:\Users\User\source\repos\Project28\Project28\소스1.cpp(6,18): error C2065: 'p': 선언되지 않은 식별자입니다.
C:\Users\User\source\repos\Project28\Project28\소스1.cpp(6,27): error C2065: 'p': 선언되지 않은 식별자입니다.
C:\Users\User\source\repos\Project28\Project28\소스1.cpp(6,31): error C2065: 'p': 선언되지 않은 식별자입니다.
C:\Users\User\source\repos\Project28\Project28\소스1.cpp(9,4): error C2065: 'before': 선언되지 않은 식별자입니다.
C:\Users\User\source\repos\Project28\Project28\소스1.cpp(9,13): error C2065: 'p': 선언되지 않은 식별자입니다.
C:\Users\User\source\repos\Project28\Project28\소스1.cpp(10,4): error C2065: 'before': 선언되지 않은 식별자입니다.
C:\Users\User\source\repos\Project28\Project28\소스1.cpp(10,19): error C2065: 'p': 선언되지 않은 식별자입니다.
  연결리스트 max노드 지우기.cpp
C:\Users\User\source\repos\Project28\Project28\연결리스트 max노드 지우기.cpp(1,20): error C2653: 'List': 클래스 또는 네임스페이스 이름이 아닙니다.
C:\Users\User\source\repos\Project28\Project28\연결리스트 max노드 지우기.cpp(2,7): error C2065: 'first': 선언되지 않은 식별자입니다.
C:\Users\User\source\repos\Project28\Project28\연결리스트 max노드 지우기.cpp(3,12): error C2065: 'first': 선언되지 않은 식별자입니다.
C:\Users\User\source\repos\Project28\Project28\연결리스트 max노드 지우기.cpp(4,2): error C2181: if와 짝을 이루지 않는 잘못된 else문입니다.
C:\Users\User\source\repos\Project28\Project28\연결리스트 max노드 지우기.cpp(5,3): error C2065: 'ListNode': 선언되지 않은 식별자입니다.
C:\Users\User\source\repos\Project28\Project28\연결리스트 max노드 지우기.cpp(5,13): error C2065: 'p': 선언되지 않은 식별자입니다.
C:\Users\User\source\repos\Project28\Project28\연결리스트 max노드 지우기.cpp(6,3): error C2065: 'ListNode': 선언되지 않은 식별자입니다.
C:\Users\User\source\repos\Project28\Project28\연결리스트 max노드 지우기.cpp(6,13): error C2065: 'BeforeMaxNode': 선언되지 않은 식별자입니다.
C:\Users\User\source\repos\Project28\Project28\연결리스트 max노드 지우기.cpp(7,3): error C2065: 'ListNode': 선언되지 않은 식별자입니다.
C:\Users\User\source\repos\Project28\Project28\연결리스트 max노드 지우기.cpp(7,13): error C2065: 'MaxNode': 선언되지 않은 식별자입니다.
C:\Users\User\source\repos\Project28\Project28\연결리스트 max노드 지우기.cpp(8,8): error C2065: 'p': 선언되지 않은 식별자입니다.
C:\Users\User\source\repos\Project28\Project28\연결리스트 max노드 지우기.cpp(8,12): error C2065: 'first': 선언되지 않은 식별자입니다.
C:\Users\User\source\repos\Project28\Project28\연결리스트 max노드 지우기.cpp(8,19): error C2065: 'p': 선언되지 않은 식별자입니다.
C:\Users\User\source\repos\Project28\Project28\연결리스트 max노드 지우기.cpp(8,30): error C2059: 구문 오류: ';'
C:\Users\User\source\repos\Project28\Project28\연결리스트 max노드 지우기.cpp(8,32): error C2065: 'p': 선언되지 않은 식별자입니다.
C:\Users\User\source\repos\Project28\Project28\연결리스트 max노드 지우기.cpp(8,36): error C2065: 'p': 선언되지 않은 식별자입니다.
C:\Users\User\source\repos\Project28\Project28\연결리스트 max노드 지우기.cpp(8,43): error C2059: 구문 오류: ')'
C:\Users\User\source\repos\Project28\Project28\연결리스트 max노드 지우기.cpp(9,4): error C2059: 구문 오류: 'if'
C:\Users\User\source\repos\Project28\Project28\연결리스트 max노드 지우기.cpp(9,29): error C2143: 구문 오류: ';'이(가) '{' 앞에 없습니다.
C:\Users\User\source\repos\Project28\Project28\연결리스트 max노드 지우기.cpp(10,11): error C2065: 'p': 선언되지 않은 식별자입니다.
C:\Users\User\source\repos\Project28\Project28\연결리스트 max노드 지우기.cpp(10,14): error C2059: 구문 오류: '->'
C:\Users\User\source\repos\Project28\Project28\연결리스트 max노드 지우기.cpp(11,5): error C2065: 'BeforeMaxNode': 선언되지 않은 식별자입니다.
C:\Users\User\source\repos\Project28\Project28\연결리스트 max노드 지우기.cpp(11,21): error C2065: 'p': 선언되지 않은 식별자입니다.
C:\Users\User\source\repos\Project28\Project28\연결리스트 max노드 지우기.cpp(12,5): error C2065: 'MaxNode': 선언되지 않은 식별자입니다.
C:\Users\User\source\repos\Project28\Project28\연결리스트 max노드 지우기.cpp(12,15): error C2065: 'p': 선언되지 않은 식별자입니다.
C:\Users\User\source\repos\Project28\Project28\연결리스트 max노드 지우기.cpp(15,3): error C2065: 'BeforeMaxNode': 선언되지 않은 식별자입니다.
C:\Users\User\source\repos\Project28\Project28\연결리스트 max노드 지우기.cpp(15,23): error C2065: 'MaxNode': 선언되지 않은 식별자입니다.
C:\Users\User\source\repos\Project28\Project28\연결리스트 max노드 지우기.cpp(16,8): error C2065: 'p': 선언되지 않은 식별자입니다.
C:\Users\User\source\repos\Project28\Project28\연결리스트 max노드 지우기.cpp(16,12): error C2065: 'first': 선언되지 않은 식별자입니다.
C:\Users\User\source\repos\Project28\Project28\연결리스트 max노드 지우기.cpp(16,19): error C2065: 'p': 선언되지 않은 식별자입니다.
C:\Users\User\source\repos\Project28\Project28\연결리스트 max노드 지우기.cpp(16,31): error C2065: 'p': 선언되지 않은 식별자입니다.
C:\Users\User\source\repos\Project28\Project28\연결리스트 max노드 지우기.cpp(16,35): error C2065: 'p': 선언되지 않은 식별자입니다.
C:\Users\User\source\repos\Project28\Project28\연결리스트 max노드 지우기.cpp(17,15): error C2065: 'p': 선언되지 않은 식별자입니다.
C:\Users\User\source\repos\Project28\Project28\연결리스트 max노드 지우기.cpp(18,5): error C2065: 'p': 선언되지 않은 식별자입니다.
C:\Users\User\source\repos\Project28\Project28\연결리스트 max노드 지우기.cpp(18,15): error C2065: 'MaxNode': 선언되지 않은 식별자입니다.
C:\Users\User\source\repos\Project28\Project28\연결리스트 max노드 지우기.cpp(18,30): error C2065: 'max값': 선언되지 않은 식별자입니다.
C:\Users\User\source\repos\Project28\Project28\연결리스트 max노드 지우기.cpp(18,37): error C2146: 구문 오류: ';'이(가) '갖고' 식별자 앞에 없습니다.
C:\Users\User\source\repos\Project28\Project28\연결리스트 max노드 지우기.cpp(18,37): error C2065: '갖고': 선언되지 않은 식별자입니다.
C:\Users\User\source\repos\Project28\Project28\연결리스트 max노드 지우기.cpp(18,44): error C2146: 구문 오류: ';'이(가) '있는' 식별자 앞에 없습니다.
C:\Users\User\source\repos\Project28\Project28\연결리스트 max노드 지우기.cpp(18,44): error C2065: '있는': 선언되지 않은 식별자입니다.
C:\Users\User\source\repos\Project28\Project28\연결리스트 max노드 지우기.cpp(18,51): error C2146: 구문 오류: ';'이(가) 'node의' 식별자 앞에 없습니다.
C:\Users\User\source\repos\Project28\Project28\연결리스트 max노드 지우기.cpp(18,51): error C2065: 'node의': 선언되지 않은 식별자입니다.
C:\Users\User\source\repos\Project28\Project28\연결리스트 max노드 지우기.cpp(18,59): error C2146: 구문 오류: ';'이(가) '전꺼가' 식별자 앞에 없습니다.
C:\Users\User\source\repos\Project28\Project28\연결리스트 max노드 지우기.cpp(18,59): error C2065: '전꺼가': 선언되지 않은 식별자입니다.
C:\Users\User\source\repos\Project28\Project28\연결리스트 max노드 지우기.cpp(18,69): error C2146: 구문 오류: ';'이(가) 'maxnode가' 식별자 앞에 없습니다.
C:\Users\User\source\repos\Project28\Project28\연결리스트 max노드 지우기.cpp(18,69): error C2065: 'maxnode가': 선언되지 않은 식별자입니다.
C:\Users\User\source\repos\Project28\Project28\연결리스트 max노드 지우기.cpp(18,80): error C2146: 구문 오류: ';'이(가) '가리키는' 식별자 앞에 없습니다.
C:\Users\User\source\repos\Project28\Project28\연결리스트 max노드 지우기.cpp(18,80): error C2065: '가리키는': 선언되지 않은 식별자입니다.
C:\Users\User\source\repos\Project28\Project28\연결리스트 max노드 지우기.cpp(18,93): error C2146: 구문 오류: ';'이(가) 'node가리키게' 식별자 앞에 없습니다.
C:\Users\User\source\repos\Project28\Project28\연결리스트 max노드 지우기.cpp(18,93): error C2065: 'node가리키게': 선언되지 않은 식별자입니다.
C:\Users\User\source\repos\Project28\Project28\연결리스트 max노드 지우기.cpp(19,5): error C2059: 구문 오류: 'delete'
C:\Users\User\source\repos\Project28\Project28\연결리스트 max노드 지우기.cpp(24,2): error C2059: 구문 오류: 'return'
C:\Users\User\source\repos\Project28\Project28\연결리스트 max노드 지우기.cpp(25,1): error C2059: 구문 오류: '}'
C:\Users\User\source\repos\Project28\Project28\연결리스트 max노드 지우기.cpp(25,1): error C2143: 구문 오류: ';'이(가) '}' 앞에 없습니다.
  연결리스트 오름차순 넣기.cpp
C:\Users\User\source\repos\Project28\Project28\연결리스트 오름차순 넣기.cpp(2,10): error C2065: 'first': 선언되지 않은 식별자입니다.
C:\Users\User\source\repos\Project28\Project28\연결리스트 오름차순 넣기.cpp(2,19): error C2065: 'first': 선언되지 않은 식별자입니다.
C:\Users\User\source\repos\Project28\Project28\연결리스트 오름차순 넣기.cpp(2,35): error C2061: 구문 오류: 식별자 'Node'
C:\Users\User\source\repos\Project28\Project28\연결리스트 오름차순 넣기.cpp(4,20): error C2065: 'first': 선언되지 않은 식별자입니다.
C:\Users\User\source\repos\Project28\Project28\연결리스트 오름차순 넣기.cpp(4,31): error C2065: 'first': 선언되지 않은 식별자입니다.
C:\Users\User\source\repos\Project28\Project28\연결리스트 오름차순 넣기.cpp(4,45): error C2061: 구문 오류: 식별자 'Node'
C:\Users\User\source\repos\Project28\Project28\연결리스트 오름차순 넣기.cpp(6,13): error C2065: 'Node': 선언되지 않은 식별자입니다.
C:\Users\User\source\repos\Project28\Project28\연결리스트 오름차순 넣기.cpp(6,19): error C2065: 'p': 선언되지 않은 식별자입니다.
C:\Users\User\source\repos\Project28\Project28\연결리스트 오름차순 넣기.cpp(7,18): error C2065: 'p': 선언되지 않은 식별자입니다.
C:\Users\User\source\repos\Project28\Project28\연결리스트 오름차순 넣기.cpp(7,22): error C2065: 'first': 선언되지 않은 식별자입니다.
C:\Users\User\source\repos\Project28\Project28\연결리스트 오름차순 넣기.cpp(7,29): error C2065: 'p': 선언되지 않은 식별자입니다.
C:\Users\User\source\repos\Project28\Project28\연결리스트 오름차순 넣기.cpp(7,38): error C2065: 'p': 선언되지 않은 식별자입니다.
C:\Users\User\source\repos\Project28\Project28\연결리스트 오름차순 넣기.cpp(7,42): error C2065: 'p': 선언되지 않은 식별자입니다.
C:\Users\User\source\repos\Project28\Project28\연결리스트 오름차순 넣기.cpp(8,29): error C2065: 'p': 선언되지 않은 식별자입니다.
C:\Users\User\source\repos\Project28\Project28\연결리스트 오름차순 넣기.cpp(8,48): error C2065: 'p': 선언되지 않은 식별자입니다.
C:\Users\User\source\repos\Project28\Project28\연결리스트 오름차순 넣기.cpp(9,21): error C2065: 'p': 선언되지 않은 식별자입니다.
C:\Users\User\source\repos\Project28\Project28\연결리스트 오름차순 넣기.cpp(9,39): error C2061: 구문 오류: 식별자 'Node'
C:\Users\User\source\repos\Project28\Project28\연결리스트 오름차순 넣기.cpp(12,17): error C2065: 'Node': 선언되지 않은 식별자입니다.
C:\Users\User\source\repos\Project28\Project28\연결리스트 오름차순 넣기.cpp(12,23): error C2065: 'last': 선언되지 않은 식별자입니다.
C:\Users\User\source\repos\Project28\Project28\연결리스트 오름차순 넣기.cpp(12,30): error C2065: 'p': 선언되지 않은 식별자입니다.
C:\Users\User\source\repos\Project28\Project28\연결리스트 오름차순 넣기.cpp(14,13): error C2065: 'last': 선언되지 않은 식별자입니다.
C:\Users\User\source\repos\Project28\Project28\연결리스트 오름차순 넣기.cpp(14,34): error C2061: 구문 오류: 식별자 'Node'
  코드를 생성하고 있습니다...
